build/app/intermediates/proguard-rules/release/aapt_rules.txt
# Referenced at merged_manifests/release/AndroidManifest.xml:21
-keep class androidx.core.app.CoreComponentFactory { <init>(); }
# Referenced at merged_manifests/release/AndroidManifest.xml:26
-keep class com.example.newsdailymobile.MainActivity { <init>(); }
# Referenced at merged_manifests/release/AndroidManifest.xml:21
-keep class io.flutter.app.FlutterApplication { <init>(); }