build/app/outputs/mapping/release/mapping.txt
# compiler: R8
# compiler_version: 1.5.64
# min_api: 19
# pg_map_id: 78c2b3a
...
com.tekartik.sqflite.Database$1 -> b.b.a.a$a:
com.tekartik.sqflite.LogLevel -> b.b.a.b:
    java.lang.Integer getLogLevel(io.flutter.plugin.common.MethodCall) -> a
    boolean hasSqlLevel(int) -> a
    boolean hasVerboseLevel(int) -> b
com.tekartik.sqflite.SqflitePlugin -> b.b.a.c:
    android.content.Context context -> a
    java.lang.Object openCloseLocker -> h
    java.lang.String databasesPath -> i
    android.os.HandlerThread handlerThread -> k
    int databaseId -> j
    java.util.Map databaseMap -> m
    java.lang.Object databaseMapLocker -> g
    int logLevel -> f
    int THREAD_PRIORITY -> e
    java.util.Map _singleInstancesByPath -> c
    android.os.Handler handler -> l
    boolean QUERY_AS_MAP_LIST -> d
    io.flutter.plugin.common.MethodChannel methodChannel -> b
    boolean access$100(com.tekartik.sqflite.SqflitePlugin,com.tekartik.sqflite.Database,com.tekartik.sqflite.operation.Operation) -> a
    int access$1000() -> a
    com.tekartik.sqflite.Database access$500(com.tekartik.sqflite.SqflitePlugin,com.tekartik.sqflite.Database,io.flutter.plugin.common.MethodCall,io.flutter.plugin.common.MethodChannel$Result) -> a
    void access$700(com.tekartik.sqflite.SqflitePlugin,java.lang.Exception,com.tekartik.sqflite.operation.Operation,com.tekartik.sqflite.Database) -> a
    void access$900(com.tekartik.sqflite.SqflitePlugin,com.tekartik.sqflite.Database) -> a
    void closeDatabase(com.tekartik.sqflite.Database) -> a
    java.util.List cursorRowToList(android.database.Cursor,int) -> a
    java.util.Map cursorRowToMap(android.database.Cursor) -> a
    boolean execute(com.tekartik.sqflite.Database,com.tekartik.sqflite.operation.Operation) -> a
com.tekartik.sqflite.SqflitePlugin$1 -> b.b.a.c$a:
    com.tekartik.sqflite.SqflitePlugin$BgResult val$bgResult -> c
    com.tekartik.sqflite.Database val$database -> d
    com.tekartik.sqflite.SqflitePlugin this$0 -> e
    io.flutter.plugin.common.MethodCall val$call -> b
com.tekartik.sqflite.SqflitePlugin$2 -> b.b.a.c$b:
    com.tekartik.sqflite.SqflitePlugin$BgResult val$bgResult -> c
    com.tekartik.sqflite.Database val$database -> d
    com.tekartik.sqflite.SqflitePlugin this$0 -> e
    io.flutter.plugin.common.MethodCall val$call -> b
com.tekartik.sqflite.SqflitePlugin$3 -> b.b.a.c$c:
    com.tekartik.sqflite.SqflitePlugin$BgResult val$bgResult -> c
    com.tekartik.sqflite.Database val$database -> d
    com.tekartik.sqflite.SqflitePlugin this$0 -> e
    io.flutter.plugin.common.MethodCall val$call -> b
com.tekartik.sqflite.SqflitePlugin$4 -> b.b.a.c$d:
    com.tekartik.sqflite.Database val$database -> b
    com.tekartik.sqflite.SqflitePlugin this$0 -> e
    com.tekartik.sqflite.SqflitePlugin$BgResult val$bgResult -> d
    io.flutter.plugin.common.MethodCall val$call -> c
com.tekartik.sqflite.SqflitePlugin$5 -> b.b.a.c$e:
    com.tekartik.sqflite.SqflitePlugin$BgResult val$bgResult -> c
    com.tekartik.sqflite.Database val$database -> d
    com.tekartik.sqflite.SqflitePlugin this$0 -> e
    io.flutter.plugin.common.MethodCall val$call -> b
com.tekartik.sqflite.SqflitePlugin$6 -> b.b.a.c$f:
    java.lang.Boolean val$readOnly -> e
    com.tekartik.sqflite.Database val$database -> f
    int val$databaseId -> i
    io.flutter.plugin.common.MethodCall val$call -> g
    boolean val$singleInstance -> h
    com.tekartik.sqflite.SqflitePlugin this$0 -> j
    java.lang.String val$path -> c
    boolean val$inMemory -> b
    com.tekartik.sqflite.SqflitePlugin$BgResult val$bgResult -> d
com.tekartik.sqflite.SqflitePlugin$7 -> b.b.a.c$g:
    com.tekartik.sqflite.SqflitePlugin$BgResult val$bgResult -> c
    com.tekartik.sqflite.Database val$database -> b
    com.tekartik.sqflite.SqflitePlugin this$0 -> d
com.tekartik.sqflite.SqflitePlugin$8 -> b.b.a.c$h:
    com.tekartik.sqflite.Database val$openedDatabase -> b
    java.lang.String val$path -> c
    com.tekartik.sqflite.SqflitePlugin this$0 -> e
    com.tekartik.sqflite.SqflitePlugin$BgResult val$bgResult -> d